Using pre-set license

 COMMAND LINE ARGUMENTS:
/Applications/Unity/Unity.app/Contents/MacOS/Unity
-adb2
-batchMode
-noUpm
-name
AssetImportWorker0
-projectPath
/Users/oneilrangiuira/Documents/GitHub/Recreated-Pacman/Recreated-Pacman
-logFile
Logs/AssetImportWorker0.log
-srvPort
63775
Successfully changed project path to: /Users/oneilrangiuira/Documents/GitHub/Recreated-Pacman/Recreated-Pacman
/Users/oneilrangiuira/Documents/GitHub/Recreated-Pacman/Recreated-Pacman
Using Asset Import Pipeline V2.
Refreshing native plugins compatible for Editor in 34.26 ms, found 2 plugins.
Preloading 0 native plugins for Editor in 0.00 ms.
Initialize engine version: 2020.2.4f1 (becced5a802b)
[Subsystems] Discovering subsystems at path /Applications/Unity/Unity.app/Contents/Resources/UnitySubsystems
[Subsystems] Discovering subsystems at path /Users/oneilrangiuira/Documents/GitHub/Recreated-Pacman/Recreated-Pacman/Assets
GfxDevice: creating device client; threaded=0
2021-11-04 10:10:26.230 Unity[8344:633440] (null) preferred device: Apple M1 (high power)
2021-11-04 10:10:26.230 Unity[8344:633440] Metal devices available: 1
2021-11-04 10:10:26.230 Unity[8344:633440] 0: Apple M1 (high power)
2021-11-04 10:10:26.230 Unity[8344:633440] Using device Apple M1 (high power)
Initializing Metal device caps: Apple M1
Initialize mono
Mono path[0] = '/Applications/Unity/Unity.app/Contents/Managed'
Mono path[1] = '/Applications/Unity/Unity.app/Contents/MonoBleedingEdge/lib/mono/unityjit'
Mono config path = '/Applications/Unity/Unity.app/Contents/MonoBleedingEdge/etc'
Using monoOptions --debugger-agent=transport=dt_socket,embedding=1,server=y,suspend=n,address=127.0.0.1:56344
Begin MonoManager ReloadAssembly
Registering precompiled unity dll's ...
Register platform support module: /Applications/Unity/Unity.app/Contents/PlaybackEngines/MacStandaloneSupport/UnityEditor.OSXStandalone.Extensions.dll
Registered in 0.000798 seconds.
Native extension for OSXStandalone target not found
Refreshing native plugins compatible for Editor in 36.32 ms, found 2 plugins.
Preloading 0 native plugins for Editor in 0.00 ms.
Invoked RoslynAnalysisRunner static constructor.
RoslynAnalysisRunner will not be running.
RoslynAnalysisRunner has terminated.
Mono: successfully reloaded assembly
- Completed reload, in  2.410 seconds
Platform modules already initialized, skipping
Registering precompiled user dll's ...
Registered in 0.000782 seconds.
Begin MonoManager ReloadAssembly
Native extension for OSXStandalone target not found
Refreshing native plugins compatible for Editor in 37.84 ms, found 2 plugins.
Preloading 0 native plugins for Editor in 0.00 ms.
Invoked RoslynAnalysisRunner static constructor.
RoslynAnalysisRunner will not be running.
RoslynAnalysisRunner has terminated.
Mono: successfully reloaded assembly
- Completed reload, in  1.852 seconds
Platform modules already initialized, skipping
========================================================================
Worker process is ready to serve import requests
Launching external process: /Applications/Unity/Unity.app/Contents/Tools/UnityShaderCompiler
Launched and connected shader compiler UnityShaderCompiler after 0.03 seconds
Refreshing native plugins compatible for Editor in 0.32 ms, found 2 plugins.
Preloading 0 native plugins for Editor in 0.00 ms.
Unloading 1801 Unused Serialized files (Serialized files now loaded: 0)
System memory in use before: 171.8 MB.
System memory in use after: 171.9 MB.

Unloading 19 unused Assets to reduce memory usage. Loaded Objects now: 2247.
Total: 1.657708 ms (FindLiveObjects: 0.213292 ms CreateObjectMapping: 0.090375 ms MarkObjects: 1.282542 ms  DeleteObjects: 0.070250 ms)

========================================================================
Received Import Request.
  path: Assets/Scripts/PacmanMotionController.cs
  artifactKey: Guid(3ebf57fbc0e8941b49a533ed9adb8a85) Importer(815301076,1909f56bfc062723c751e8b465ee728b)
Start importing Assets/Scripts/PacmanMotionController.cs using Guid(3ebf57fbc0e8941b49a533ed9adb8a85) Importer(815301076,1909f56bfc062723c751e8b465ee728b)  -> (artifact id: 'fd2744750afcdacb6b73c2ed14508c32') in 0.189354 seconds
  Import took 0.192021 seconds .

========================================================================
Received Import Request.
  Time since last request: 236.089775 seconds.
  path: Assets/Scripts/LevelGenerator.cs
  artifactKey: Guid(9e89df70b9d044f91aef79297e4ad350) Importer(815301076,1909f56bfc062723c751e8b465ee728b)
Start importing Assets/Scripts/LevelGenerator.cs using Guid(9e89df70b9d044f91aef79297e4ad350) Importer(815301076,1909f56bfc062723c751e8b465ee728b)  -> (artifact id: '46e66ec56ef03a4885458aeb28fa8055') in 0.003151 seconds
  Import took 0.005993 seconds .

========================================================================
Received Import Request.
  Time since last request: 0.006822 seconds.
  path: Assets/Scripts/LevelGenerator.cs
  artifactKey: Guid(9e89df70b9d044f91aef79297e4ad350) Importer(815301076,1909f56bfc062723c751e8b465ee728b)
Start importing Assets/Scripts/LevelGenerator.cs using Guid(9e89df70b9d044f91aef79297e4ad350) Importer(815301076,1909f56bfc062723c751e8b465ee728b)  -> (artifact id: '46e66ec56ef03a4885458aeb28fa8055') in 0.000981 seconds
  Import took 0.003601 seconds .

========================================================================
Received Import Request.
  Time since last request: 57.994939 seconds.
  path: Assets/Sprites/Ghost/Ghost-1/Ghost-1-Scared.png
  artifactKey: Guid(8fd7fafd1e59c450fba7eb15b2b86276) Importer(815301076,1909f56bfc062723c751e8b465ee728b)
Start importing Assets/Sprites/Ghost/Ghost-1/Ghost-1-Scared.png using Guid(8fd7fafd1e59c450fba7eb15b2b86276) Importer(815301076,1909f56bfc062723c751e8b465ee728b)  -> (artifact id: 'e543af916b239163a3fa84e418f0cd54') in 0.716439 seconds
  Import took 0.720582 seconds .

========================================================================
Received Import Request.
  Time since last request: 8.978383 seconds.
  path: Assets/Sprites/Ghost/Ghost-1/Ghost-1.png
  artifactKey: Guid(91bcb2a6066a44c7db5f824a4bd7877e) Importer(815301076,1909f56bfc062723c751e8b465ee728b)
Start importing Assets/Sprites/Ghost/Ghost-1/Ghost-1.png using Guid(91bcb2a6066a44c7db5f824a4bd7877e) Importer(815301076,1909f56bfc062723c751e8b465ee728b)  -> (artifact id: '530ccb71ef99aa240d8343f809bbd552') in 0.033863 seconds
  Import took 0.036538 seconds .

========================================================================
Received Import Request.
  Time since last request: 15.057202 seconds.
  path: Assets/Sprites/Ghost/Ghost-4/Ghost-4.png
  artifactKey: Guid(270d2ea0e2c6943749716b1637ad36d6) Importer(815301076,1909f56bfc062723c751e8b465ee728b)
Start importing Assets/Sprites/Ghost/Ghost-4/Ghost-4.png using Guid(270d2ea0e2c6943749716b1637ad36d6) Importer(815301076,1909f56bfc062723c751e8b465ee728b)  -> (artifact id: 'cae45dc0dced0712ad9b12addf9a19d4') in 0.052111 seconds
  Import took 0.056066 seconds .

========================================================================
Received Import Request.
  Time since last request: 0.003844 seconds.
  path: Assets/Sprites/Ghost/Ghost-4/Ghost-4.png
  artifactKey: Guid(270d2ea0e2c6943749716b1637ad36d6) Importer(815301076,1909f56bfc062723c751e8b465ee728b)
Start importing Assets/Sprites/Ghost/Ghost-4/Ghost-4.png using Guid(270d2ea0e2c6943749716b1637ad36d6) Importer(815301076,1909f56bfc062723c751e8b465ee728b)  -> (artifact id: 'cae45dc0dced0712ad9b12addf9a19d4') in 0.036932 seconds
  Import took 0.039777 seconds .

========================================================================
Received Import Request.
  Time since last request: 20.269668 seconds.
  path: Assets/Sprites/Pac-man.png
  artifactKey: Guid(b01de78748c524050a00a93d4dfa0861) Importer(815301076,1909f56bfc062723c751e8b465ee728b)
Start importing Assets/Sprites/Pac-man.png using Guid(b01de78748c524050a00a93d4dfa0861) Importer(815301076,1909f56bfc062723c751e8b465ee728b)  -> (artifact id: '4d0a2fd9f66bf8cebd9db6737e0a9d5a') in 0.034848 seconds
  Import took 0.038846 seconds .

========================================================================
Received Import Request.
  Time since last request: 114.034426 seconds.
  path: Assets/Animations/Ghost-1.controller
  artifactKey: Guid(59e9dd1bf02184cabab42f75e2281588) Importer(815301076,1909f56bfc062723c751e8b465ee728b)
Start importing Assets/Animations/Ghost-1.controller using Guid(59e9dd1bf02184cabab42f75e2281588) Importer(815301076,1909f56bfc062723c751e8b465ee728b)  -> (artifact id: '4054ac977c974587bd11e87372968fc8') in 0.567041 seconds
  Import took 0.570726 seconds .

========================================================================
Received Import Request.
  Time since last request: 56.212540 seconds.
  path: Assets/Sprites/Ghost/Ghost-2/Ghost-2-Recovery.png
  artifactKey: Guid(672b620eb80834c2e9cd328e6c568051) Importer(815301076,1909f56bfc062723c751e8b465ee728b)
Start importing Assets/Sprites/Ghost/Ghost-2/Ghost-2-Recovery.png using Guid(672b620eb80834c2e9cd328e6c568051) Importer(815301076,1909f56bfc062723c751e8b465ee728b)  -> (artifact id: 'c57f20f2db464ce7548d93397c20bed4') in 0.049596 seconds
  Import took 0.053498 seconds .

========================================================================
Received Import Request.
  Time since last request: 0.003514 seconds.
  path: Assets/Sprites/Ghost/Ghost-2/Ghost-2-Recovery.png
  artifactKey: Guid(672b620eb80834c2e9cd328e6c568051) Importer(815301076,1909f56bfc062723c751e8b465ee728b)
Start importing Assets/Sprites/Ghost/Ghost-2/Ghost-2-Recovery.png using Guid(672b620eb80834c2e9cd328e6c568051) Importer(815301076,1909f56bfc062723c751e8b465ee728b)  -> (artifact id: 'c57f20f2db464ce7548d93397c20bed4') in 0.037332 seconds
  Import took 0.040324 seconds .

========================================================================
Received Import Request.
  Time since last request: 8.614779 seconds.
  path: Assets/Animations/Ghost-2.controller
  artifactKey: Guid(5655688df728848d293145d45908e2ee) Importer(815301076,1909f56bfc062723c751e8b465ee728b)
Start importing Assets/Animations/Ghost-2.controller using Guid(5655688df728848d293145d45908e2ee) Importer(815301076,1909f56bfc062723c751e8b465ee728b)  -> (artifact id: '6f7a413e358740d77121d5204aa9f495') in 0.009429 seconds
  Import took 0.014615 seconds .

========================================================================
Received Import Request.
  Time since last request: 21.328446 seconds.
  path: Assets/Sprites/Ghost/Ghost-3/Ghost-3.png
  artifactKey: Guid(c78db16b3feb649d7a929f2318b46d30) Importer(815301076,1909f56bfc062723c751e8b465ee728b)
Start importing Assets/Sprites/Ghost/Ghost-3/Ghost-3.png using Guid(c78db16b3feb649d7a929f2318b46d30) Importer(815301076,1909f56bfc062723c751e8b465ee728b)  -> (artifact id: 'c284a74a41d4dda26ee7fc3cfb0622de') in 0.048206 seconds
  Import took 0.052418 seconds .

========================================================================
Received Import Request.
  Time since last request: 0.000226 seconds.
  path: Assets/Sprites/Ghost/Ghost-3/Ghost-3.png
  artifactKey: Guid(c78db16b3feb649d7a929f2318b46d30) Importer(815301076,1909f56bfc062723c751e8b465ee728b)
Start importing Assets/Sprites/Ghost/Ghost-3/Ghost-3.png using Guid(c78db16b3feb649d7a929f2318b46d30) Importer(815301076,1909f56bfc062723c751e8b465ee728b)  -> (artifact id: 'c284a74a41d4dda26ee7fc3cfb0622de') in 0.035880 seconds
  Import took 0.038684 seconds .

========================================================================
Received Import Request.
  Time since last request: 7.312111 seconds.
  path: Assets/Animations/Ghost-3.controller
  artifactKey: Guid(d1e428f5f9eb64b67bcb83014577f9f8) Importer(815301076,1909f56bfc062723c751e8b465ee728b)
Start importing Assets/Animations/Ghost-3.controller using Guid(d1e428f5f9eb64b67bcb83014577f9f8) Importer(815301076,1909f56bfc062723c751e8b465ee728b)  -> (artifact id: 'db4a785ebfc1e2f0795b1c3135620d38') in 0.008284 seconds
  Import took 0.013464 seconds .

========================================================================
Received Import Request.
  Time since last request: 14.371955 seconds.
  path: Assets/Animations/Ghost-4.controller
  artifactKey: Guid(6207ebc7b2eb64bd4af3551186ee88e6) Importer(815301076,1909f56bfc062723c751e8b465ee728b)
Start importing Assets/Animations/Ghost-4.controller using Guid(6207ebc7b2eb64bd4af3551186ee88e6) Importer(815301076,1909f56bfc062723c751e8b465ee728b)  -> (artifact id: '1906411afd2ad63b3791aa5935097e88') in 0.007913 seconds
  Import took 0.013106 seconds .

========================================================================
Received Prepare
Registering precompiled user dll's ...
Registered in 0.001084 seconds.
Begin MonoManager ReloadAssembly
Native extension for OSXStandalone target not found
Refreshing native plugins compatible for Editor in 0.52 ms, found 2 plugins.
Preloading 0 native plugins for Editor in 0.00 ms.
Invoked RoslynAnalysisRunner static constructor.
RoslynAnalysisRunner will not be running.
RoslynAnalysisRunner has terminated.
Mono: successfully reloaded assembly
- Completed reload, in  1.496 seconds
Platform modules already initialized, skipping
Refreshing native plugins compatible for Editor in 0.23 ms, found 2 plugins.
Preloading 0 native plugins for Editor in 0.00 ms.
Unloading 1791 Unused Serialized files (Serialized files now loaded: 0)
System memory in use before: 188.1 MB.
System memory in use after: 188.2 MB.

Unloading 7 unused Assets to reduce memory usage. Loaded Objects now: 2258.
Total: 1.294875 ms (FindLiveObjects: 0.110750 ms CreateObjectMapping: 0.034334 ms MarkObjects: 1.130083 ms  DeleteObjects: 0.018750 ms)

