Using pre-set license

 COMMAND LINE ARGUMENTS:
/Applications/Unity/Unity.app/Contents/MacOS/Unity
-adb2
-batchMode
-noUpm
-name
AssetImportWorker0
-projectPath
/Users/oneilrangiuira/Documents/GitHub/Recreated-Pacman/Recreated-Pacman
-logFile
Logs/AssetImportWorker0.log
-srvPort
57531
Successfully changed project path to: /Users/oneilrangiuira/Documents/GitHub/Recreated-Pacman/Recreated-Pacman
/Users/oneilrangiuira/Documents/GitHub/Recreated-Pacman/Recreated-Pacman
Using Asset Import Pipeline V2.
Refreshing native plugins compatible for Editor in 32.48 ms, found 2 plugins.
Preloading 0 native plugins for Editor in 0.00 ms.
Initialize engine version: 2020.2.4f1 (becced5a802b)
[Subsystems] Discovering subsystems at path /Applications/Unity/Unity.app/Contents/Resources/UnitySubsystems
[Subsystems] Discovering subsystems at path /Users/oneilrangiuira/Documents/GitHub/Recreated-Pacman/Recreated-Pacman/Assets
GfxDevice: creating device client; threaded=0
2021-09-25 09:26:17.398 Unity[34368:1483726] (null) preferred device: Apple M1 (high power)
2021-09-25 09:26:17.398 Unity[34368:1483726] Metal devices available: 1
2021-09-25 09:26:17.398 Unity[34368:1483726] 0: Apple M1 (high power)
2021-09-25 09:26:17.399 Unity[34368:1483726] Using device Apple M1 (high power)
Initializing Metal device caps: Apple M1
Initialize mono
Mono path[0] = '/Applications/Unity/Unity.app/Contents/Managed'
Mono path[1] = '/Applications/Unity/Unity.app/Contents/MonoBleedingEdge/lib/mono/unityjit'
Mono config path = '/Applications/Unity/Unity.app/Contents/MonoBleedingEdge/etc'
Using monoOptions --debugger-agent=transport=dt_socket,embedding=1,server=y,suspend=n,address=127.0.0.1:56368
Begin MonoManager ReloadAssembly
Registering precompiled unity dll's ...
Register platform support module: /Applications/Unity/Unity.app/Contents/PlaybackEngines/MacStandaloneSupport/UnityEditor.OSXStandalone.Extensions.dll
Registered in 0.001530 seconds.
Native extension for OSXStandalone target not found
Refreshing native plugins compatible for Editor in 34.77 ms, found 2 plugins.
Preloading 0 native plugins for Editor in 0.00 ms.
Invoked RoslynAnalysisRunner static constructor.
RoslynAnalysisRunner will not be running.
RoslynAnalysisRunner has terminated.
Mono: successfully reloaded assembly
- Completed reload, in  2.512 seconds
Platform modules already initialized, skipping
Registering precompiled user dll's ...
Registered in 0.001318 seconds.
Begin MonoManager ReloadAssembly
Native extension for OSXStandalone target not found
Refreshing native plugins compatible for Editor in 35.10 ms, found 2 plugins.
Preloading 0 native plugins for Editor in 0.00 ms.
Invoked RoslynAnalysisRunner static constructor.
RoslynAnalysisRunner will not be running.
RoslynAnalysisRunner has terminated.
Mono: successfully reloaded assembly
- Completed reload, in  1.812 seconds
Platform modules already initialized, skipping
========================================================================
Worker process is ready to serve import requests
Launching external process: /Applications/Unity/Unity.app/Contents/Tools/UnityShaderCompiler
Launched and connected shader compiler UnityShaderCompiler after 0.03 seconds
Refreshing native plugins compatible for Editor in 0.31 ms, found 2 plugins.
Preloading 0 native plugins for Editor in 0.00 ms.
Unloading 1798 Unused Serialized files (Serialized files now loaded: 0)
System memory in use before: 143.2 MB.
System memory in use after: 143.2 MB.

Unloading 24 unused Assets to reduce memory usage. Loaded Objects now: 2239.
Total: 1.881208 ms (FindLiveObjects: 0.185375 ms CreateObjectMapping: 0.035875 ms MarkObjects: 1.543750 ms  DeleteObjects: 0.115292 ms)

========================================================================
Received Import Request.
  path: Assets/Sprites/Wall/Inner_Wall.png
  artifactKey: Guid(0d17450fd8545411bb1675301295e9f9) Importer(815301076,1909f56bfc062723c751e8b465ee728b)
Start importing Assets/Sprites/Wall/Inner_Wall.png using Guid(0d17450fd8545411bb1675301295e9f9) Importer(815301076,1909f56bfc062723c751e8b465ee728b)  -> (artifact id: '7dff83c94427cd4204897ddcbf917db5') in 0.639959 seconds
  Import took 0.643024 seconds .

========================================================================
Received Import Request.
  Time since last request: 0.000366 seconds.
  path: Assets/Sprites/Wall/Adjoin_Wall.png
  artifactKey: Guid(98e019a65447646889547d6bc63a9e99) Importer(815301076,1909f56bfc062723c751e8b465ee728b)
Start importing Assets/Sprites/Wall/Adjoin_Wall.png using Guid(98e019a65447646889547d6bc63a9e99) Importer(815301076,1909f56bfc062723c751e8b465ee728b)  -> (artifact id: '43a4074dd580f3cdb798b893d2d80f03') in 0.009760 seconds
  Import took 0.012109 seconds .

========================================================================
Received Import Request.
  Time since last request: 0.000315 seconds.
  path: Assets/Sprites/Wall/Outer_Wall.png
  artifactKey: Guid(ea5d0bf1f24a54db4bb234667f33451d) Importer(815301076,1909f56bfc062723c751e8b465ee728b)
Start importing Assets/Sprites/Wall/Outer_Wall.png using Guid(ea5d0bf1f24a54db4bb234667f33451d) Importer(815301076,1909f56bfc062723c751e8b465ee728b)  -> (artifact id: 'fc2e7b2fe800a059db817fa972c12581') in 0.006235 seconds
  Import took 0.008561 seconds .

========================================================================
Received Import Request.
  Time since last request: 0.002874 seconds.
  path: Assets/Sprites/Wall/Adjoin_Wall.png
  artifactKey: Guid(98e019a65447646889547d6bc63a9e99) Importer(815301076,1909f56bfc062723c751e8b465ee728b)
Start importing Assets/Sprites/Wall/Adjoin_Wall.png using Guid(98e019a65447646889547d6bc63a9e99) Importer(815301076,1909f56bfc062723c751e8b465ee728b)  -> (artifact id: '43a4074dd580f3cdb798b893d2d80f03') in 0.004743 seconds
  Import took 0.006901 seconds .

